#
# There is insufficient memory for the Java Runtime Environment to continue.
# Native memory allocation (malloc) failed to allocate 1056896 bytes for Chunk::new
# Possible reasons:
#   The system is out of physical RAM or swap space
#   In 32 bit mode, the process size limit was hit
# Possible solutions:
#   Reduce memory load on the system
#   Increase physical memory or swap space
#   Check if swap backing store is full
#   Use 64 bit Java on a 64 bit OS
#   Decrease Java heap size (-Xmx/-Xms)
#   Decrease number of Java threads
#   Decrease Java thread stack sizes (-Xss)
#   Set larger code cache with -XX:ReservedCodeCacheSize=
# This output file may be truncated or incomplete.
#
#  Out of Memory Error (allocation.cpp:390), pid=9044, tid=0x0000000000004d98
#
# JRE version: OpenJDK Runtime Environment (8.0_152-b06) (build 1.8.0_152-release-1136-b06)
# Java VM: OpenJDK 64-Bit Server VM (25.152-b06 mixed mode windows-amd64 compressed oops)
# Failed to write core dump. Minidumps are not enabled by default on client versions of Windows
#

---------------  T H R E A D  ---------------

Current thread (0x000000001689a800):  JavaThread "C2 CompilerThread0" daemon [_thread_in_native, id=19864, stack(0x0000000018210000,0x0000000018310000)]

Stack: [0x0000000018210000,0x0000000018310000]
[error occurred during error reporting (printing stack bounds), id 0xc0000005]

Native frames: (J=compiled Java code, j=interpreted, Vv=VM code, C=native code)


Current CompileTask:
C2:2981375 21668       4       java.lang.Enum::valueOf (73 bytes)


---------------  P R O C E S S  ---------------

Java Threads: ( => current thread )
  0x000000001e10d800 JavaThread "ForkJoinPool.commonPool-worker-1" daemon [_thread_in_native, id=9152, stack(0x0000000031fd0000,0x00000000320d0000)]
  0x000000001e10d000 JavaThread "stdout" [_thread_in_native, id=16652, stack(0x0000000031ed0000,0x0000000031fd0000)]
  0x000000001e114000 JavaThread "stderr" [_thread_in_native, id=8580, stack(0x0000000031dd0000,0x0000000031ed0000)]
  0x000000001e10c000 JavaThread "pool-26-thread-1" [_thread_blocked, id=11928, stack(0x0000000031cd0000,0x0000000031dd0000)]
  0x000000001e110000 JavaThread "Task worker for ':' Thread 3" [_thread_blocked, id=6512, stack(0x0000000031bd0000,0x0000000031cd0000)]
  0x000000001e111800 JavaThread "Task worker for ':' Thread 2" [_thread_blocked, id=17320, stack(0x0000000031ad0000,0x0000000031bd0000)]
  0x000000001bc14000 JavaThread "Task worker for ':'" [_thread_blocked, id=19688, stack(0x00000000319d0000,0x0000000031ad0000)]
  0x000000001bc13800 JavaThread "Cache worker for Build Output Cleanup Cache (E:\kuxing2\kuxingtianxia\android\KuXing\.gradle\buildOutputCleanup)" [_thread_blocked, id=12516, stack(0x00000000318d0000,0x00000000319d0000)]
  0x000000001bc12800 JavaThread "Cache worker for task history cache (E:\kuxing2\kuxingtianxia\android\KuXing\.gradle\4.6\taskHistory)" [_thread_blocked, id=7316, stack(0x00000000317d0000,0x00000000318d0000)]
  0x000000001bc15000 JavaThread "Cache worker for file content cache (E:\kuxing2\kuxingtianxia\android\KuXing\.gradle\4.6\fileContent)" [_thread_blocked, id=12624, stack(0x00000000316d0000,0x00000000317d0000)]
  0x000000001bc11000 JavaThread "Build operations Thread 4" [_thread_blocked, id=19752, stack(0x00000000315d0000,0x00000000316d0000)]
  0x000000001bc12000 JavaThread "Build operations Thread 3" [_thread_blocked, id=22444, stack(0x00000000314d0000,0x00000000315d0000)]
  0x000000001bc09800 JavaThread "Build operations Thread 2" [_thread_blocked, id=4984, stack(0x00000000313d0000,0x00000000314d0000)]
  0x000000001bc10800 JavaThread "Build operations" [_thread_blocked, id=14160, stack(0x00000000312d0000,0x00000000313d0000)]
  0x000000001bc09000 JavaThread "Cache worker for Artifact transforms cache (C:\Users\Superb\.gradle\caches\transforms-1)" [_thread_blocked, id=20568, stack(0x00000000311d0000,0x00000000312d0000)]
  0x000000001bc0f800 JavaThread "Cache worker for file hash cache (E:\kuxing2\kuxingtianxia\android\KuXing\.gradle\4.6\fileHashes)" [_thread_blocked, id=16344, stack(0x00000000310d0000,0x00000000311d0000)]
  0x000000001bc08000 JavaThread "Stdin handler" [_thread_blocked, id=17316, stack(0x0000000030fd0000,0x00000000310d0000)]
  0x000000001bc0e000 JavaThread "Asynchronous log dispatcher for DefaultDaemonConnection: socket connection from /127.0.0.1:61293 to /127.0.0.1:63320" [_thread_blocked, id=18984, stack(0x0000000030ed0000,0x0000000030fd0000)]
  0x000000001bc0d800 JavaThread "Daemon worker Thread 5" [_thread_blocked, id=5840, stack(0x0000000030dd0000,0x0000000030ed0000)]
  0x000000001bc0a800 JavaThread "Cancel handler" [_thread_blocked, id=5396, stack(0x0000000030cd0000,0x0000000030dd0000)]
  0x000000001bc0f000 JavaThread "Handler for socket connection from /127.0.0.1:61293 to /127.0.0.1:63320" [_thread_in_native, id=17736, stack(0x0000000030bd0000,0x0000000030cd0000)]
  0x000000001bc0c800 JavaThread "Daemon Thread 5" [_thread_blocked, id=16380, stack(0x0000000030ad0000,0x0000000030bd0000)]
  0x000000001e10f800 JavaThread "pool-1-thread-1" [_thread_blocked, id=17760, stack(0x000000002bed0000,0x000000002bfd0000)]
  0x000000001d82e800 JavaThread "Memory manager" [_thread_blocked, id=12156, stack(0x00000000208b0000,0x00000000209b0000)]
  0x0000000019a6c000 JavaThread "File lock request listener" [_thread_in_native, id=11256, stack(0x000000001ae90000,0x000000001af90000)]
  0x0000000019d1b000 JavaThread "Cache worker for file hash cache (C:\Users\Superb\.gradle\caches\4.6\fileHashes)" [_thread_blocked, id=13036, stack(0x000000001ad90000,0x000000001ae90000)]
  0x0000000017f18000 JavaThread "Daemon periodic checks" [_thread_blocked, id=11504, stack(0x000000001a290000,0x000000001a390000)]
  0x0000000019779800 JavaThread "Incoming local TCP Connector on port 61293" [_thread_in_native, id=19468, stack(0x000000001a0e0000,0x000000001a1e0000)]
  0x0000000017c2b000 JavaThread "Service Thread" daemon [_thread_blocked, id=19516, stack(0x0000000018510000,0x0000000018610000)]
  0x0000000017c28800 JavaThread "C1 CompilerThread2" daemon [_thread_blocked, id=17400, stack(0x0000000018410000,0x0000000018510000)]
  0x000000001689d000 JavaThread "C2 CompilerThread1" daemon [_thread_blocked, id=5848, stack(0x0000000018310000,0x0000000018410000)]
=>0x000000001689a800 JavaThread "C2 CompilerThread0" daemon [_thread_in_native, id=19864, stack(0x0000000018210000,0x0000000018310000)]
  0x000000001684d000 JavaThread "Attach Listener" daemon [_thread_blocked, id=8296, stack(0x0000000018110000,0x0000000018210000)]
  0x0000000017c18800 JavaThread "Signal Dispatcher" daemon [_thread_blocked, id=3640, stack(0x0000000018010000,0x0000000018110000)]
  0x0000000016828800 JavaThread "Finalizer" daemon [_thread_blocked, id=11528, stack(0x0000000017ab0000,0x0000000017bb0000)]
  0x0000000002ec2800 JavaThread "Reference Handler" daemon [_thread_blocked, id=4960, stack(0x00000000179b0000,0x0000000017ab0000)]
  0x0000000002dd2800 JavaThread "main" [_thread_blocked, id=18224, stack(0x0000000002980000,0x0000000002a80000)]

Other Threads:
  0x0000000016805000 VMThread [stack: 0x00000000178b0000,0x00000000179b0000] [id=21948]
  0x0000000017c2b800 WatcherThread [stack: 0x0000000018610000,0x0000000018710000] [id=2428]

VM state:not at safepoint (normal execution)

VM Mutex/Monitor currently owned by a thread: None

Heap:
 PSYoungGen      total 453632K, used 291781K [0x00000000e0000000, 0x00000000ffc80000, 0x0000000100000000)
  eden space 389120K, 71% used [0x00000000e0000000,0x00000000f10e11d0,0x00000000f7c00000)
  from space 64512K, 19% used [0x00000000f7c00000,0x00000000f8810408,0x00000000fbb00000)
  to   space 60928K, 0% used [0x00000000fc100000,0x00000000fc100000,0x00000000ffc80000)
 ParOldGen       total 271360K, used 128105K [0x00000000a0000000, 0x00000000b0900000, 0x00000000e0000000)
  object space 271360K, 47% used [0x00000000a0000000,0x00000000a7d1a6d0,0x00000000b0900000)
 Metaspace       used 85819K, capacity 89196K, committed 89344K, reserved 1126400K
  class space    used 10777K, capacity 11452K, committed 11520K, reserved 1048576K

Card table byte_map: [0x0000000012290000,0x00000000125a0000] byte_map_base: 0x0000000011d90000

Marking Bits: (ParMarkBitMap*) 0x00000000776d5aa0
 Begin Bits: [0x0000000012ba0000, 0x00000000143a0000)
 End Bits:   [0x00000000143a0000, 0x0000000015ba0000)

Polling page: 0x00000000028e0000

CodeCache: size=245760Kb used=55679Kb max_used=55679Kb free=190080Kb
 bounds [0x0000000002ed0000, 0x00000000065b0000, 0x0000000011ed0000]
 total_blobs=17487 nmethods=16628 adapters=769
 compilation: enabled

Compilation events (10 events):
Event: 2981.193 Thread 0x0000000017c28800 21677       3       com.google.common.collect.Maps$EntryFunction$2::apply (7 bytes)
Event: 2981.193 Thread 0x0000000017c28800 nmethod 21677 0x00000000044df310 code [0x00000000044df480, 0x00000000044df6a8]
Event: 2981.198 Thread 0x0000000017c28800 21679       3       com.sun.org.apache.xerces.internal.parsers.XIncludeAwareParserConfiguration::<init> (8 bytes)
Event: 2981.198 Thread 0x0000000017c28800 nmethod 21679 0x0000000004467210 code [0x0000000004467380, 0x0000000004467528]
Event: 2981.198 Thread 0x0000000017c28800 21680   !   3       com.sun.org.apache.xerces.internal.parsers.XML11Configuration::<init> (1045 bytes)
Event: 2981.205 Thread 0x0000000017c28800 nmethod 21680 0x000000000659c7d0 code [0x000000000659d380, 0x00000000065a75e8]
Event: 2981.205 Thread 0x0000000017c28800 21681       3       com.sun.org.apache.xerces.internal.impl.dtd.XMLDTDProcessor::<init> (54 bytes)
Event: 2981.206 Thread 0x0000000017c28800 nmethod 21681 0x0000000004466390 code [0x0000000004466560, 0x0000000004466dd0]
Event: 2981.206 Thread 0x0000000017c28800 21682       3       com.sun.org.apache.xerces.internal.impl.dtd.XMLDTDProcessor::getRecognizedFeatures (13 bytes)
Event: 2981.206 Thread 0x0000000017c28800 nmethod 21682 0x0000000004461790 code [0x0000000004461900, 0x0000000004461c08]

GC Heap History (10 events):
Event: 76.921 GC heap before
{Heap before GC invocations=29 (full 3):
 PSYoungGen      total 500224K, used 499551K [0x00000000e0000000, 0x0000000100000000, 0x0000000100000000)
  eden space 477184K, 99% used [0x00000000e0000000,0x00000000fd158b00,0x00000000fd200000)
  from space 23040K, 99% used [0x00000000fd200000,0x00000000fe87f458,0x00000000fe880000)
  to   space 24064K, 0% used [0x00000000fe880000,0x00000000fe880000,0x0000000100000000)
 ParOldGen       total 138752K, used 103987K [0x00000000a0000000, 0x00000000a8780000, 0x00000000e0000000)
  object space 138752K, 74% used [0x00000000a0000000,0x00000000a658cd38,0x00000000a8780000)
 Metaspace       used 80238K, capacity 83380K, committed 83456K, reserved 1122304K
  class space    used 10318K, capacity 10946K, committed 11008K, reserved 1048576K
Event: 76.975 GC heap after
Heap after GC invocations=29 (full 3):
 PSYoungGen      total 412160K, used 24059K [0x00000000e0000000, 0x0000000100000000, 0x0000000100000000)
  eden space 388096K, 0% used [0x00000000e0000000,0x00000000e0000000,0x00000000f7b00000)
  from space 24064K, 99% used [0x00000000fe880000,0x00000000ffffefe8,0x0000000100000000)
  to   space 68096K, 0% used [0x00000000f7b00000,0x00000000f7b00000,0x00000000fbd80000)
 ParOldGen       total 176640K, used 176292K [0x00000000a0000000, 0x00000000aac80000, 0x00000000e0000000)
  object space 176640K, 99% used [0x00000000a0000000,0x00000000aac29058,0x00000000aac80000)
 Metaspace       used 80238K, capacity 83380K, committed 83456K, reserved 1122304K
  class space    used 10318K, capacity 10946K, committed 11008K, reserved 1048576K
}
Event: 76.975 GC heap before
{Heap before GC invocations=30 (full 4):
 PSYoungGen      total 412160K, used 24059K [0x00000000e0000000, 0x0000000100000000, 0x0000000100000000)
  eden space 388096K, 0% used [0x00000000e0000000,0x00000000e0000000,0x00000000f7b00000)
  from space 24064K, 99% used [0x00000000fe880000,0x00000000ffffefe8,0x0000000100000000)
  to   space 68096K, 0% used [0x00000000f7b00000,0x00000000f7b00000,0x00000000fbd80000)
 ParOldGen       total 176640K, used 176292K [0x00000000a0000000, 0x00000000aac80000, 0x00000000e0000000)
  object space 176640K, 99% used [0x00000000a0000000,0x00000000aac29058,0x00000000aac80000)
 Metaspace       used 80238K, capacity 83380K, committed 83456K, reserved 1122304K
  class space    used 10318K, capacity 10946K, committed 11008K, reserved 1048576K
Event: 77.136 GC heap after
Heap after GC invocations=30 (full 4):
 PSYoungGen      total 412160K, used 0K [0x00000000e0000000, 0x0000000100000000, 0x0000000100000000)
  eden space 388096K, 0% used [0x00000000e0000000,0x00000000e0000000,0x00000000f7b00000)
  from space 24064K, 0% used [0x00000000fe880000,0x00000000fe880000,0x0000000100000000)
  to   space 68096K, 0% used [0x00000000f7b00000,0x00000000f7b00000,0x00000000fbd80000)
 ParOldGen       total 271360K, used 127057K [0x00000000a0000000, 0x00000000b0900000, 0x00000000e0000000)
  object space 271360K, 46% used [0x00000000a0000000,0x00000000a7c14410,0x00000000b0900000)
 Metaspace       used 80157K, capacity 83162K, committed 83456K, reserved 1122304K
  class space    used 10290K, capacity 10897K, committed 11008K, reserved 1048576K
}
Event: 77.191 GC heap before
{Heap before GC invocations=31 (full 4):
 PSYoungGen      total 412160K, used 387253K [0x00000000e0000000, 0x0000000100000000, 0x0000000100000000)
  eden space 388096K, 99% used [0x00000000e0000000,0x00000000f7a2d4f0,0x00000000f7b00000)
  from space 24064K, 0% used [0x00000000fe880000,0x00000000fe880000,0x0000000100000000)
  to   space 68096K, 0% used [0x00000000f7b00000,0x00000000f7b00000,0x00000000fbd80000)
 ParOldGen       total 271360K, used 127057K [0x00000000a0000000, 0x00000000b0900000, 0x00000000e0000000)
  object space 271360K, 46% used [0x00000000a0000000,0x00000000a7c14410,0x00000000b0900000)
 Metaspace       used 80157K, capacity 83162K, committed 83456K, reserved 1122304K
  class space    used 10290K, capacity 10897K, committed 11008K, reserved 1048576K
Event: 77.194 GC heap after
Heap after GC invocations=31 (full 4):
 PSYoungGen      total 456192K, used 128K [0x00000000e0000000, 0x0000000100000000, 0x0000000100000000)
  eden space 388096K, 0% used [0x00000000e0000000,0x00000000e0000000,0x00000000f7b00000)
  from space 68096K, 0% used [0x00000000f7b00000,0x00000000f7b20000,0x00000000fbd80000)
  to   space 67072K, 0% used [0x00000000fbe80000,0x00000000fbe80000,0x0000000100000000)
 ParOldGen       total 271360K, used 127057K [0x00000000a0000000, 0x00000000b0900000, 0x00000000e0000000)
  object space 271360K, 46% used [0x00000000a0000000,0x00000000a7c14410,0x00000000b0900000)
 Metaspace       used 80157K, capacity 83162K, committed 83456K, reserved 1122304K
  class space    used 10290K, capacity 10897K, committed 11008K, reserved 1048576K
}
Event: 857.973 GC heap before
{Heap before GC invocations=32 (full 4):
 PSYoungGen      total 456192K, used 388224K [0x00000000e0000000, 0x0000000100000000, 0x0000000100000000)
  eden space 388096K, 100% used [0x00000000e0000000,0x00000000f7b00000,0x00000000f7b00000)
  from space 68096K, 0% used [0x00000000f7b00000,0x00000000f7b20000,0x00000000fbd80000)
  to   space 67072K, 0% used [0x00000000fbe80000,0x00000000fbe80000,0x0000000100000000)
 ParOldGen       total 271360K, used 127057K [0x00000000a0000000, 0x00000000b0900000, 0x00000000e0000000)
  object space 271360K, 46% used [0x00000000a0000000,0x00000000a7c14410,0x00000000b0900000)
 Metaspace       used 83865K, capacity 87048K, committed 87168K, reserved 1124352K
  class space    used 10639K, capacity 11316K, committed 11392K, reserved 1048576K
Event: 857.983 GC heap after
Heap after GC invocations=32 (full 4):
 PSYoungGen      total 450048K, used 7006K [0x00000000e0000000, 0x00000000ffa00000, 0x0000000100000000)
  eden space 389120K, 0% used [0x00000000e0000000,0x00000000e0000000,0x00000000f7c00000)
  from space 60928K, 11% used [0x00000000fbe80000,0x00000000fc5579c0,0x00000000ffa00000)
  to   space 64512K, 0% used [0x00000000f7c00000,0x00000000f7c00000,0x00000000fbb00000)
 ParOldGen       total 271360K, used 127105K [0x00000000a0000000, 0x00000000b0900000, 0x00000000e0000000)
  object space 271360K, 46% used [0x00000000a0000000,0x00000000a7c20410,0x00000000b0900000)
 Metaspace       used 83865K, capacity 87048K, committed 87168K, reserved 1124352K
  class space    used 10639K, capacity 11316K, committed 11392K, reserved 1048576K
}
Event: 1931.593 GC heap before
{Heap before GC invocations=33 (full 4):
 PSYoungGen      total 450048K, used 396126K [0x00000000e0000000, 0x00000000ffa00000, 0x0000000100000000)
  eden space 389120K, 100% used [0x00000000e0000000,0x00000000f7c00000,0x00000000f7c00000)
  from space 60928K, 11% used [0x00000000fbe80000,0x00000000fc5579c0,0x00000000ffa00000)
  to   space 64512K, 0% used [0x00000000f7c00000,0x00000000f7c00000,0x00000000fbb00000)
 ParOldGen       total 271360K, used 127105K [0x00000000a0000000, 0x00000000b0900000, 0x00000000e0000000)
  object space 271360K, 46% used [0x00000000a0000000,0x00000000a7c20410,0x00000000b0900000)
 Metaspace       used 85154K, capacity 88428K, committed 88576K, reserved 1126400K
  class space    used 10737K, capacity 11400K, committed 11520K, reserved 1048576K
Event: 1931.608 GC heap after
Heap after GC invocations=33 (full 4):
 PSYoungGen      total 453632K, used 12353K [0x00000000e0000000, 0x00000000ffc80000, 0x0000000100000000)
  eden space 389120K, 0% used [0x00000000e0000000,0x00000000e0000000,0x00000000f7c00000)
  from space 64512K, 19% used [0x00000000f7c00000,0x00000000f8810408,0x00000000fbb00000)
  to   space 60928K, 0% used [0x00000000fc100000,0x00000000fc100000,0x00000000ffc80000)
 ParOldGen       total 271360K, used 128105K [0x00000000a0000000, 0x00000000b0900000, 0x00000000e0000000)
  object space 271360K, 47% used [0x00000000a0000000,0x00000000a7d1a6d0,0x00000000b0900000)
 Metaspace       used 85154K, capacity 88428K, committed 88576K, reserved 1126400K
  class space    used 10737K, capacity 11400K, committed 11520K, reserved 1048576K
}

Deoptimization events (10 events):
Event: 2890.226 Thread 0x000000001e114000 Uncommon trap: reason=unstable_if action=reinterpret pc=0x000000000329b54c method=org.gradle.internal.logging.text.AbstractLineChoppingStyledTextOutput$2.execute(Lorg/gradle/internal/logging/text/AbstractLineChoppingStyledTextOutput$StateContext;)V @ 30
Event: 2890.334 Thread 0x000000001e10c000 Uncommon trap: reason=predicate action=maybe_recompile pc=0x0000000006374e94 method=java.util.ComparableTimSort.binarySort([Ljava/lang/Object;III)V @ 37
Event: 2890.340 Thread 0x000000001e10c000 Uncommon trap: reason=class_check action=maybe_recompile pc=0x0000000005d4e0a0 method=java.io.ObjectOutputStream.writeObject0(Ljava/lang/Object;Z)V @ 240
Event: 2890.347 Thread 0x000000001e10c000 Uncommon trap: reason=class_check action=maybe_recompile pc=0x0000000005d4e0a0 method=java.io.ObjectOutputStream.writeObject0(Ljava/lang/Object;Z)V @ 240
Event: 2974.094 Thread 0x000000001bc0c800 Uncommon trap: reason=class_check action=maybe_recompile pc=0x00000000052af500 method=org.gradle.internal.logging.sink.OutputEventRenderer$4.onOutput(Lorg/gradle/internal/logging/events/OutputEvent;)V @ 11
Event: 2974.631 Thread 0x000000001bc0d800 Uncommon trap: reason=class_check action=maybe_recompile pc=0x00000000039a79a0 method=com.google.common.collect.AbstractMapBasedMultimap$WrappedCollection.refreshIfEmpty()V @ 40
Event: 2974.729 Thread 0x000000001bc14000 Uncommon trap: reason=bimorphic action=maybe_recompile pc=0x000000000452d12c method=com.sun.org.apache.xerces.internal.dom.ElementImpl.getAttributes()Lorg/w3c/dom/NamedNodeMap; @ 8
Event: 2976.315 Thread 0x000000001bc14000 Uncommon trap: reason=class_check action=maybe_recompile pc=0x0000000005ef8374 method=com.google.common.cache.LocalCache$Segment.storeLoadedValue(Ljava/lang/Object;ILcom/google/common/cache/LocalCache$LoadingValueReference;Ljava/lang/Object;)Z @ 286
Event: 2981.051 Thread 0x000000001bc14000 Uncommon trap: reason=class_check action=maybe_recompile pc=0x0000000005a121f0 method=java.util.stream.MatchOps$MatchOp.evaluateSequential(Ljava/util/stream/PipelineHelper;Ljava/util/Spliterator;)Ljava/lang/Boolean; @ 14
Event: 2981.051 Thread 0x000000001bc14000 Uncommon trap: reason=bimorphic action=maybe_recompile pc=0x000000000418ac04 method=java.util.stream.AbstractPipeline.copyIntoWithCancel(Ljava/util/stream/Sink;Ljava/util/Spliterator;)V @ 24

Classes redefined (0 events):
No events

Internal exceptions (10 events):
Event: 2890.155 Thread 0x000000001bc0c800 Exception <a 'java/lang/NoSuchMethodError': <clinit>> (0x00000000e9d96380) thrown at [D:\src\AOSP-openjdk-cygwin\jdk8u\hotspot\src\share\vm\prims\jni.cpp, line 1613]
Event: 2890.168 Thread 0x000000001bc0c800 Exception <a 'java/lang/NoSuchMethodError': <clinit>> (0x00000000e9e0cc98) thrown at [D:\src\AOSP-openjdk-cygwin\jdk8u\hotspot\src\share\vm\prims\jni.cpp, line 1613]
Event: 2890.347 Thread 0x000000001e10c000 Exception <a 'java/lang/NoSuchMethodError': <clinit>> (0x00000000e3bbae98) thrown at [D:\src\AOSP-openjdk-cygwin\jdk8u\hotspot\src\share\vm\prims\jni.cpp, line 1613]
Event: 2890.352 Thread 0x000000001e10c000 Exception <a 'java/lang/NoSuchMethodError': <clinit>> (0x00000000ea093bd0) thrown at [D:\src\AOSP-openjdk-cygwin\jdk8u\hotspot\src\share\vm\prims\jni.cpp, line 1613]
Event: 2890.356 Thread 0x000000001e10c000 Exception <a 'java/lang/NoSuchMethodError': <clinit>> (0x00000000ea0b5a70) thrown at [D:\src\AOSP-openjdk-cygwin\jdk8u\hotspot\src\share\vm\prims\jni.cpp, line 1613]
Event: 2890.357 Thread 0x000000001e10c000 Exception <a 'java/lang/NoSuchMethodError': <clinit>> (0x00000000ea0bb5d8) thrown at [D:\src\AOSP-openjdk-cygwin\jdk8u\hotspot\src\share\vm\prims\jni.cpp, line 1613]
Event: 2890.358 Thread 0x000000001e10c000 Exception <a 'java/lang/NoSuchMethodError': <clinit>> (0x00000000ea0cf060) thrown at [D:\src\AOSP-openjdk-cygwin\jdk8u\hotspot\src\share\vm\prims\jni.cpp, line 1613]
Event: 2890.370 Thread 0x000000001e10c000 Exception <a 'java/lang/NoSuchMethodError': <clinit>> (0x00000000ea0f8128) thrown at [D:\src\AOSP-openjdk-cygwin\jdk8u\hotspot\src\share\vm\prims\jni.cpp, line 1613]
Event: 2974.595 Thread 0x000000001bc0d800 Exception <a 'sun/nio/fs/WindowsException'> (0x00000000eabec380) thrown at [D:\src\AOSP-openjdk-cygwin\jdk8u\hotspot\src\share\vm\prims\jni.cpp, line 709]
Event: 2978.982 Thread 0x000000001bc0d800 Exception <a 'sun/nio/fs/WindowsException'> (0x00000000efb97510) thrown at [D:\src\AOSP-openjdk-cygwin\jdk8u\hotspot\src\share\vm\prims\jni.cpp, line 709]

Events (10 events):
Event: 2978.985 Executing VM operation: RevokeBias
Event: 2978.985 Executing VM operation: RevokeBias done
Event: 2978.985 Executing VM operation: RevokeBias
Event: 2978.985 Executing VM operation: RevokeBias done
Event: 2981.051 Thread 0x000000001bc14000 Uncommon trap: trap_request=0xffffffde fr.pc=0x0000000005a121f0
Event: 2981.051 Thread 0x000000001bc14000 DEOPT PACKING pc=0x0000000005a121f0 sp=0x0000000031acda40
Event: 2981.051 Thread 0x000000001bc14000 DEOPT UNPACKING pc=0x0000000002f1557b sp=0x0000000031acd968 mode 2
Event: 2981.051 Thread 0x000000001bc14000 Uncommon trap: trap_request=0xffffffc6 fr.pc=0x000000000418ac04
Event: 2981.051 Thread 0x000000001bc14000 DEOPT PACKING pc=0x000000000418ac04 sp=0x0000000031acd8d0
Event: 2981.051 Thread 0x000000001bc14000 DEOPT UNPACKING pc=0x0000000002f1557b sp=0x0000000031acd820 mode 2


Dynamic libraries:
0x00007ff70d220000 - 0x00007ff70d251000 	D:\Program Files\Android\Android Studio\jre\bin\java.exe
0x00007ffa3b1f0000 - 0x00007ffa3b3d1000 	C:\WINDOWS\SYSTEM32\ntdll.dll
0x00007ffa38950000 - 0x00007ffa38a01000 	C:\WINDOWS\System32\KERNEL32.DLL
0x00007ffa375c0000 - 0x00007ffa37833000 	C:\WINDOWS\System32\KERNELBASE.dll
0x00007ffa39ae0000 - 0x00007ffa39b81000 	C:\WINDOWS\System32\ADVAPI32.dll
0x00007ffa38a90000 - 0x00007ffa38b2e000 	C:\WINDOWS\System32\msvcrt.dll
0x00007ffa39170000 - 0x00007ffa391cb000 	C:\WINDOWS\System32\sechost.dll
0x00007ffa38ec0000 - 0x00007ffa38fe4000 	C:\WINDOWS\System32\RPCRT4.dll
0x00007ffa39bf0000 - 0x00007ffa39d80000 	C:\WINDOWS\System32\USER32.dll
0x00007ffa38610000 - 0x00007ffa38630000 	C:\WINDOWS\System32\win32u.dll
0x00007ffa386a0000 - 0x00007ffa386c8000 	C:\WINDOWS\System32\GDI32.dll
0x00007ffa378a0000 - 0x00007ffa37a32000 	C:\WINDOWS\System32\gdi32full.dll
0x00007ffa37c30000 - 0x00007ffa37ccf000 	C:\WINDOWS\System32\msvcp_win.dll
0x00007ffa383e0000 - 0x00007ffa384d8000 	C:\WINDOWS\System32\ucrtbase.dll
0x00007ffa2cac0000 - 0x00007ffa2cd29000 	C:\WINDOWS\WinSxS\amd64_microsoft.windows.common-controls_6595b64144ccf1df_6.0.17134.765_none_fb42a1a930655896\COMCTL32.dll
0x00007ffa39630000 - 0x00007ffa39952000 	C:\WINDOWS\System32\combase.dll
0x00007ffa38590000 - 0x00007ffa3860a000 	C:\WINDOWS\System32\bcryptPrimitives.dll
0x00007ffa38ff0000 - 0x00007ffa3901d000 	C:\WINDOWS\System32\IMM32.DLL
0x0000000051260000 - 0x0000000051332000 	D:\Program Files\Android\Android Studio\jre\jre\bin\msvcr100.dll
0x0000000076f10000 - 0x0000000077751000 	D:\Program Files\Android\Android Studio\jre\jre\bin\server\jvm.dll
0x00007ffa39620000 - 0x00007ffa39628000 	C:\WINDOWS\System32\PSAPI.DLL
0x00007ffa30d50000 - 0x00007ffa30d5a000 	C:\WINDOWS\SYSTEM32\VERSION.dll
0x00007ffa31610000 - 0x00007ffa31633000 	C:\WINDOWS\SYSTEM32\WINMM.dll
0x00007ffa2d9a0000 - 0x00007ffa2d9a9000 	C:\WINDOWS\SYSTEM32\WSOCK32.dll
0x00007ffa38a20000 - 0x00007ffa38a8c000 	C:\WINDOWS\System32\WS2_32.dll
0x00007ffa310c0000 - 0x00007ffa310ea000 	C:\WINDOWS\SYSTEM32\winmmbase.dll
0x00007ffa38630000 - 0x00007ffa38679000 	C:\WINDOWS\System32\cfgmgr32.dll
0x00007ffa33fb0000 - 0x00007ffa33fbf000 	D:\Program Files\Android\Android Studio\jre\jre\bin\verify.dll
0x00007ffa2db50000 - 0x00007ffa2db79000 	D:\Program Files\Android\Android Studio\jre\jre\bin\java.dll
0x00007ffa2f030000 - 0x00007ffa2f046000 	D:\Program Files\Android\Android Studio\jre\jre\bin\zip.dll
0x00007ffa39d80000 - 0x00007ffa3b1c0000 	C:\WINDOWS\System32\SHELL32.dll
0x00007ffa390c0000 - 0x00007ffa39169000 	C:\WINDOWS\System32\shcore.dll
0x00007ffa37cd0000 - 0x00007ffa383dd000 	C:\WINDOWS\System32\windows.storage.dll
0x00007ffa38870000 - 0x00007ffa388c1000 	C:\WINDOWS\System32\shlwapi.dll
0x00007ffa37520000 - 0x00007ffa37531000 	C:\WINDOWS\System32\kernel.appcore.dll
0x00007ffa37540000 - 0x00007ffa3755f000 	C:\WINDOWS\System32\profapi.dll
0x00007ffa37560000 - 0x00007ffa375ac000 	C:\WINDOWS\System32\powrprof.dll
0x00007ffa375b0000 - 0x00007ffa375ba000 	C:\WINDOWS\System32\FLTLIB.DLL
0x00007ffa2cd50000 - 0x00007ffa2cd6a000 	D:\Program Files\Android\Android Studio\jre\jre\bin\net.dll
0x00007ffa36d60000 - 0x00007ffa36dc6000 	C:\WINDOWS\system32\mswsock.dll
0x00007ffa2bdb0000 - 0x00007ffa2bdc1000 	D:\Program Files\Android\Android Studio\jre\jre\bin\nio.dll
0x00007ffa2fad0000 - 0x00007ffa2faee000 	C:\Users\Superb\.gradle\native\25\windows-amd64\native-platform.dll
0x00007ffa33f80000 - 0x00007ffa33f8d000 	D:\Program Files\Android\Android Studio\jre\jre\bin\management.dll
0x00007ffa36f10000 - 0x00007ffa36f27000 	C:\WINDOWS\SYSTEM32\CRYPTSP.dll
0x00007ffa36940000 - 0x00007ffa36973000 	C:\WINDOWS\system32\rsaenh.dll
0x00007ffa37040000 - 0x00007ffa37065000 	C:\WINDOWS\SYSTEM32\bcrypt.dll
0x00007ffa37400000 - 0x00007ffa37428000 	C:\WINDOWS\SYSTEM32\USERENV.dll
0x00007ffa36f30000 - 0x00007ffa36f3b000 	C:\WINDOWS\SYSTEM32\CRYPTBASE.dll
0x00007ffa36ae0000 - 0x00007ffa36b18000 	C:\WINDOWS\SYSTEM32\IPHLPAPI.DLL
0x00007ffa38a10000 - 0x00007ffa38a18000 	C:\WINDOWS\System32\NSI.dll
0x00007ffa31ce0000 - 0x00007ffa31cf6000 	C:\WINDOWS\SYSTEM32\dhcpcsvc6.DLL
0x00007ffa31cc0000 - 0x00007ffa31cda000 	C:\WINDOWS\SYSTEM32\dhcpcsvc.DLL
0x00007ffa36650000 - 0x00007ffa36681000 	C:\WINDOWS\SYSTEM32\ntmarta.dll

VM Arguments:
jvm_args: -Xmx1536m -Dfile.encoding=GBK -Duser.country=CN -Duser.language=zh -Duser.variant 
java_command: org.gradle.launcher.daemon.bootstrap.GradleDaemon 4.6
java_class_path (initial): C:\Users\Superb\.gradle\wrapper\dists\gradle-4.6-all\bcst21l2brirad8k2ben1letg\gradle-4.6\lib\gradle-launcher-4.6.jar
Launcher Type: SUN_STANDARD

Environment Variables:
JAVA_HOME=C:\Program Files\Java\jdk1.8.0_144
CLASSPATH=E:\用户#2\Jmeter\apache-jmeter-5.0\lib\ext\ApacheJMeter_core.jar;E:\用户#2\Jmeter\apache-jmeter-5.0\lib\jorphan.jar;E:\用户#2\Jmeter\apache-jmeter-5.0\lib/logkit-2.0.jar; .;C:\Program Files\Java\jdk1.8.0_144lib;C:\Program Files\Java\jdk1.8.0_144lib\tools.jar;
PATH=C:\Program Files\Java\jdk1.8.0_144\bin;C:\Program Files\Java\jre1.8.0_144\bin;C:\ProgramData\Oracle\Java\javapath;C:\Program Files (x86)\Intel\iCLS Client\;C:\Program Files\Intel\iCLS Client\;C:\Windows\system32;C:\Windows;C:\Windows\System32\Wbem;C:\Windows\System32\WindowsPowerShell\v1.0\;C:\Program Files (x86)\Intel\Intel(R) Management Engine Components\DAL;C:\Program Files\Intel\Intel(R) Management Engine Components\DAL;C:\Program Files (x86)\Intel\Intel(R) Management Engine Components\IPT;C:\Program Files\Intel\Intel(R) Management Engine Components\IPT;C:\Program Files (x86)\NVIDIA Corporation\PhysX\Common;C:\Program Files\Intel\WiFi\bin\;C:\Program Files\Common Files\Intel\WirelessCommon\;C:\WINDOWS\system32;C:\WINDOWS;C:\WINDOWS\System32\Wbem;C:\WINDOWS\System32\WindowsPowerShell\v1.0\;C:\Program Files (x86)\Microsoft SQL Server\100\Tools\Binn\;C:\Program Files\Microsoft SQL Server\100\Tools\Binn\;C:\Program Files\Microsoft SQL Server\100\DTS\Binn\;C:\WINDOWS\System32\OpenSSH\;C:\Program Files\nodejs\;C:\Program Files\Microsoft VS Code\bin;C:\Program Files\Git\cmd;C:\Program Files\dotnet\;C:\Users\Superb\AppData\Local\Android\Sdk\platform-tools;C:\Users\Superb\AppData\Local\Microsoft\WindowsApps;C:\Users\Superb\AppData\Roaming\npm;
USERNAME=Superb
OS=Windows_NT
PROCESSOR_IDENTIFIER=Intel64 Family 6 Model 94 Stepping 3, GenuineIntel



---------------  S Y S T E M  ---------------

OS: Windows 10.0 , 64 bit Build 17134 (10.0.17134.753)

CPU:total 4 (initial active 4) (4 cores per cpu, 1 threads per core) family 6 model 94 stepping 3, cmov, cx8, fxsr, mmx, sse, sse2, sse3, ssse3, sse4.1, sse4.2, popcnt, avx, avx2, aes, clmul, erms, rtm, 3dnowpref, lzcnt, tsc, tscinvbit, bmi1, bmi2, adx

Memory: 4k page, physical 8178668k(626292k free), swap 12911976k(2608k free)

vm_info: OpenJDK 64-Bit Server VM (25.152-b06) for windows-amd64 JRE (1.8.0_152-release-1136-b06), built by "builder" with MS VC++ 10.0 (VS2010)

time: Sun Jun 02 17:13:38 2019
elapsed time: 2981 seconds (0d 0h 49m 41s)

